<?xml version="1.0" encoding="UTF-8"?>
<testng-results skipped="0" failed="0" ignored="0" total="1" passed="1">
  <reporter-output>
  </reporter-output>
  <suite name="Default suite" duration-ms="46556" started-at="2018-06-15T17:31:44Z" finished-at="2018-06-15T17:32:31Z">
    <groups>
    </groups>
    <test name="Default test" duration-ms="46556" started-at="2018-06-15T17:31:44Z" finished-at="2018-06-15T17:32:31Z">
      <class name="webdriver_TestNG.AssertionCammand">
        <test-method status="PASS" signature="beforeTest()[pri:0, instance:webdriver_TestNG.AssertionCammand@1c27452]" name="beforeTest" is-config="true" duration-ms="46387" started-at="2018-06-15T17:31:44Z" finished-at="2018-06-15T17:32:31Z">
          <reporter-output>
          </reporter-output>
        </test-method> <!-- beforeTest -->
        <test-method status="PASS" signature="f()[pri:0, instance:webdriver_TestNG.AssertionCammand@1c27452]" name="f" duration-ms="60" started-at="2018-06-15T17:32:31Z" finished-at="2018-06-15T17:32:31Z">
          <reporter-output>
          </reporter-output>
        </test-method> <!-- f -->
      </class> <!-- webdriver_TestNG.AssertionCammand -->
    </test> <!-- Default test -->
  </suite> <!-- Default suite -->
</testng-results>
